INFO:     Started server process [10412]
INFO:     Waiting for application startup.
INFO:     Application startup complete.
INFO:     Uvicorn running on http://127.0.0.1:8000 (Press CTRL+C to quit)
2026-03-07 15:25:29,187 INFO Trying Bakong Relay endpoint: https://api.bakongrelay.com/v1/generate_qr
2026-03-07 15:25:29,567 INFO Bakong Relay response 200: {"data":{"qr":"00020101021229220018khem_sovanny3@aclb520459995802KH5912Khem Sovanny6010Phnom Penh5403123530311662770117BRY-177287192914702128559679001980311Borey.Store0721Borey Store - 1 items9917001317728719291446304A456","md5":"f21884219a26173ca4f6d24f59998c40"},"responseCode":0,"responseMessage":"KHQR Generated Successfully."}
2026-03-07 15:25:29,870 INFO Generating deeplink for QR
2026-03-07 15:25:30,793 INFO generate_deeplink HTTP 200: {"responseCode":0,"responseMessage":"Getting deep link successfully","errorCode":null,"data":{"shortLink":"https://bakong-deeplink.nbc.gov.kh/bakong/f9v3u9jsFi2d9Ah5V","fullLink":"https://bakong-deeplink.nbc.gov.kh/bakong/payment?qr=00020101021229220018khem_sovanny3%40aclb520459995802KH5912Khem+Sova
2026-03-07 15:25:33,811 INFO Getting transaction details for md5: f21884219a26173ca4f6d24f59998c40
2026-03-07 15:25:34,187 INFO get_transaction_details_by_md5 HTTP 200: {"responseCode":1,"responseMessage":"Transaction could not be found. Please check and try again.","errorCode":1,"data":null}
2026-03-07 15:25:36,821 INFO Getting transaction details for md5: f21884219a26173ca4f6d24f59998c40
2026-03-07 15:25:37,148 INFO get_transaction_details_by_md5 HTTP 200: {"responseCode":1,"responseMessage":"Transaction could not be found. Please check and try again.","errorCode":1,"data":null}
2026-03-07 15:25:39,810 INFO Getting transaction details for md5: f21884219a26173ca4f6d24f59998c40
2026-03-07 15:25:40,100 INFO get_transaction_details_by_md5 HTTP 200: {"responseCode":1,"responseMessage":"Transaction could not be found. Please check and try again.","errorCode":1,"data":null}
2026-03-07 15:25:42,810 INFO Getting transaction details for md5: f21884219a26173ca4f6d24f59998c40
2026-03-07 15:25:43,108 INFO get_transaction_details_by_md5 HTTP 200: {"responseCode":1,"responseMessage":"Transaction could not be found. Please check and try again.","errorCode":1,"data":null}
2026-03-07 15:25:45,810 INFO Getting transaction details for md5: f21884219a26173ca4f6d24f59998c40
2026-03-07 15:25:46,110 INFO get_transaction_details_by_md5 HTTP 200: {"responseCode":1,"responseMessage":"Transaction could not be found. Please check and try again.","errorCode":1,"data":null}
2026-03-07 15:25:48,828 INFO Getting transaction details for md5: f21884219a26173ca4f6d24f59998c40
2026-03-07 15:25:49,127 INFO get_transaction_details_by_md5 HTTP 200: {"responseCode":1,"responseMessage":"Transaction could not be found. Please check and try again.","errorCode":1,"data":null}
2026-03-07 15:25:51,822 INFO Getting transaction details for md5: f21884219a26173ca4f6d24f59998c40
2026-03-07 15:25:52,117 INFO get_transaction_details_by_md5 HTTP 200: {"responseCode":1,"responseMessage":"Transaction could not be found. Please check and try again.","errorCode":1,"data":null}
2026-03-07 15:25:54,810 INFO Getting transaction details for md5: f21884219a26173ca4f6d24f59998c40
2026-03-07 15:25:55,106 INFO get_transaction_details_by_md5 HTTP 200: {"responseCode":1,"responseMessage":"Transaction could not be found. Please check and try again.","errorCode":1,"data":null}
2026-03-07 15:25:57,809 INFO Getting transaction details for md5: f21884219a26173ca4f6d24f59998c40
2026-03-07 15:25:58,114 INFO get_transaction_details_by_md5 HTTP 200: {"responseCode":1,"responseMessage":"Transaction could not be found. Please check and try again.","errorCode":1,"data":null}
2026-03-07 15:26:00,824 INFO Getting transaction details for md5: f21884219a26173ca4f6d24f59998c40
2026-03-07 15:26:01,135 INFO get_transaction_details_by_md5 HTTP 200: {"responseCode":1,"responseMessage":"Transaction could not be found. Please check and try again.","errorCode":1,"data":null}
2026-03-07 15:26:03,834 INFO Getting transaction details for md5: f21884219a26173ca4f6d24f59998c40
2026-03-07 15:26:04,147 INFO get_transaction_details_by_md5 HTTP 200: {"responseCode":1,"responseMessage":"Transaction could not be found. Please check and try again.","errorCode":1,"data":null}
2026-03-07 15:26:06,827 INFO Getting transaction details for md5: f21884219a26173ca4f6d24f59998c40
2026-03-07 15:26:07,129 INFO get_transaction_details_by_md5 HTTP 200: {"responseCode":1,"responseMessage":"Transaction could not be found. Please check and try again.","errorCode":1,"data":null}
2026-03-07 15:26:09,825 INFO Getting transaction details for md5: f21884219a26173ca4f6d24f59998c40
2026-03-07 15:26:10,133 INFO get_transaction_details_by_md5 HTTP 200: {"responseCode":1,"responseMessage":"Transaction could not be found. Please check and try again.","errorCode":1,"data":null}
2026-03-07 15:26:12,836 INFO Getting transaction details for md5: f21884219a26173ca4f6d24f59998c40
2026-03-07 15:26:13,151 INFO get_transaction_details_by_md5 HTTP 200: {"responseCode":1,"responseMessage":"Transaction could not be found. Please check and try again.","errorCode":1,"data":null}
2026-03-07 15:26:15,812 INFO Getting transaction details for md5: f21884219a26173ca4f6d24f59998c40
2026-03-07 15:26:16,106 INFO get_transaction_details_by_md5 HTTP 200: {"responseCode":1,"responseMessage":"Transaction could not be found. Please check and try again.","errorCode":1,"data":null}
2026-03-07 15:26:18,809 INFO Getting transaction details for md5: f21884219a26173ca4f6d24f59998c40
2026-03-07 15:26:19,102 INFO get_transaction_details_by_md5 HTTP 200: {"responseCode":1,"responseMessage":"Transaction could not be found. Please check and try again.","errorCode":1,"data":null}
2026-03-07 15:26:21,835 INFO Getting transaction details for md5: f21884219a26173ca4f6d24f59998c40
2026-03-07 15:26:22,126 INFO get_transaction_details_by_md5 HTTP 200: {"responseCode":1,"responseMessage":"Transaction could not be found. Please check and try again.","errorCode":1,"data":null}
2026-03-07 15:26:24,825 INFO Getting transaction details for md5: f21884219a26173ca4f6d24f59998c40
2026-03-07 15:26:25,134 INFO get_transaction_details_by_md5 HTTP 200: {"responseCode":1,"responseMessage":"Transaction could not be found. Please check and try again.","errorCode":1,"data":null}
2026-03-07 15:26:27,828 INFO Getting transaction details for md5: f21884219a26173ca4f6d24f59998c40
2026-03-07 15:26:28,120 INFO get_transaction_details_by_md5 HTTP 200: {"responseCode":1,"responseMessage":"Transaction could not be found. Please check and try again.","errorCode":1,"data":null}
2026-03-07 15:26:30,810 INFO Getting transaction details for md5: f21884219a26173ca4f6d24f59998c40
2026-03-07 15:26:31,114 INFO get_transaction_details_by_md5 HTTP 200: {"responseCode":1,"responseMessage":"Transaction could not be found. Please check and try again.","errorCode":1,"data":null}
2026-03-07 15:26:33,813 INFO Getting transaction details for md5: f21884219a26173ca4f6d24f59998c40
2026-03-07 15:26:34,186 INFO get_transaction_details_by_md5 HTTP 200: {"responseCode":1,"responseMessage":"Transaction could not be found. Please check and try again.","errorCode":1,"data":null}
2026-03-07 15:26:36,809 INFO Getting transaction details for md5: f21884219a26173ca4f6d24f59998c40
2026-03-07 15:26:37,102 INFO get_transaction_details_by_md5 HTTP 200: {"responseCode":1,"responseMessage":"Transaction could not be found. Please check and try again.","errorCode":1,"data":null}
2026-03-07 15:26:39,824 INFO Getting transaction details for md5: f21884219a26173ca4f6d24f59998c40
2026-03-07 15:26:40,150 INFO get_transaction_details_by_md5 HTTP 200: {"responseCode":1,"responseMessage":"Transaction could not be found. Please check and try again.","errorCode":1,"data":null}
2026-03-07 15:26:42,813 INFO Getting transaction details for md5: f21884219a26173ca4f6d24f59998c40
2026-03-07 15:26:43,120 INFO get_transaction_details_by_md5 HTTP 200: {"responseCode":1,"responseMessage":"Transaction could not be found. Please check and try again.","errorCode":1,"data":null}
2026-03-07 15:26:45,826 INFO Getting transaction details for md5: f21884219a26173ca4f6d24f59998c40
2026-03-07 15:26:46,143 INFO get_transaction_details_by_md5 HTTP 200: {"responseCode":0,"responseMessage":"Success","errorCode":null,"data":{"hash":"787e6e29db3c61f04393ca39f3ca41298ef17682d0dfc0a9a48ee0f4de23615f","fromAccountId":"abaakhppxxx@abaa","toAccountId":"khem_sovanny3@aclb","currency":"KHR","amount":123,"description":null,"createdDateMs":1772872000000,"ackno
2026-03-07 15:26:46,158 INFO Checking Bakong account: abaakhppxxx@abaa
2026-03-07 15:26:46,582 INFO check_bakong_account HTTP 200: {"responseCode":0,"responseMessage":"Account ID exists","errorCode":null,"data":{"accountStatus":"ACTIVATED","frozen":0,"fullName":"Advanced Bank of Asia Ltd.","kycStatus":"FULL_KYC","canReceive":true}}
